{"D:\\DanAds\\Visual Studio Code\\UnitTests\\task1\\Calculator.ts": {"path":"D:\\DanAds\\Visual Studio Code\\UnitTests\\task1\\Calculator.ts","statementMap":{"0":{"start":{"line":5,"column":8},"end":{"line":7,"column":9}},"1":{"start":{"line":6,"column":12},"end":{"line":6,"column":23}},"2":{"start":{"line":9,"column":8},"end":{"line":9,"column":21}},"3":{"start":{"line":14,"column":8},"end":{"line":16,"column":9}},"4":{"start":{"line":15,"column":12},"end":{"line":15,"column":23}},"5":{"start":{"line":18,"column":8},"end":{"line":18,"column":21}},"6":{"start":{"line":23,"column":8},"end":{"line":25,"column":9}},"7":{"start":{"line":24,"column":12},"end":{"line":24,"column":23}},"8":{"start":{"line":27,"column":8},"end":{"line":27,"column":21}},"9":{"start":{"line":32,"column":8},"end":{"line":34,"column":9}},"10":{"start":{"line":33,"column":12},"end":{"line":33,"column":23}},"11":{"start":{"line":36,"column":8},"end":{"line":36,"column":21}},"12":{"start":{"line":1,"column":0},"end":{"line":1,"column":13}}},"fnMap":{"0":{"name":"(anonymous_0)","decl":{"start":{"line":3,"column":4},"end":{"line":3,"column":12}},"loc":{"start":{"line":3,"column":17},"end":{"line":10,"column":5}}},"1":{"name":"(anonymous_1)","decl":{"start":{"line":12,"column":4},"end":{"line":12,"column":15}},"loc":{"start":{"line":12,"column":20},"end":{"line":19,"column":5}}},"2":{"name":"(anonymous_2)","decl":{"start":{"line":21,"column":4},"end":{"line":21,"column":18}},"loc":{"start":{"line":21,"column":23},"end":{"line":28,"column":5}}},"3":{"name":"(anonymous_3)","decl":{"start":{"line":30,"column":4},"end":{"line":30,"column":12}},"loc":{"start":{"line":30,"column":17},"end":{"line":37,"column":5}}}},"branchMap":{"0":{"loc":{"start":{"line":5,"column":8},"end":{"line":7,"column":9}},"type":"if","locations":[{"start":{"line":5,"column":8},"end":{"line":7,"column":9}}]},"1":{"loc":{"start":{"line":5,"column":12},"end":{"line":5,"column":58}},"type":"binary-expr","locations":[{"start":{"line":5,"column":12},"end":{"line":5,"column":33}},{"start":{"line":5,"column":37},"end":{"line":5,"column":58}}]},"2":{"loc":{"start":{"line":14,"column":8},"end":{"line":16,"column":9}},"type":"if","locations":[{"start":{"line":14,"column":8},"end":{"line":16,"column":9}}]},"3":{"loc":{"start":{"line":14,"column":12},"end":{"line":14,"column":58}},"type":"binary-expr","locations":[{"start":{"line":14,"column":12},"end":{"line":14,"column":33}},{"start":{"line":14,"column":37},"end":{"line":14,"column":58}}]},"4":{"loc":{"start":{"line":23,"column":8},"end":{"line":25,"column":9}},"type":"if","locations":[{"start":{"line":23,"column":8},"end":{"line":25,"column":9}}]},"5":{"loc":{"start":{"line":23,"column":12},"end":{"line":23,"column":58}},"type":"binary-expr","locations":[{"start":{"line":23,"column":12},"end":{"line":23,"column":33}},{"start":{"line":23,"column":37},"end":{"line":23,"column":58}}]},"6":{"loc":{"start":{"line":32,"column":8},"end":{"line":34,"column":9}},"type":"if","locations":[{"start":{"line":32,"column":8},"end":{"line":34,"column":9}}]},"7":{"loc":{"start":{"line":32,"column":12},"end":{"line":32,"column":58}},"type":"binary-expr","locations":[{"start":{"line":32,"column":12},"end":{"line":32,"column":33}},{"start":{"line":32,"column":37},"end":{"line":32,"column":58}}]}},"s":{"0":4,"1":3,"2":1,"3":4,"4":3,"5":1,"6":4,"7":3,"8":1,"9":4,"10":3,"11":1,"12":1},"f":{"0":4,"1":4,"2":4,"3":4},"b":{"0":[3],"1":[4,3],"2":[3],"3":[4,3],"4":[3],"5":[4,3],"6":[3],"7":[4,3]}}
,"D:\\DanAds\\Visual Studio Code\\UnitTests\\task2\\DivisibleBy.ts": {"path":"D:\\DanAds\\Visual Studio Code\\UnitTests\\task2\\DivisibleBy.ts","statementMap":{"0":{"start":{"line":2,"column":4},"end":{"line":4,"column":5}},"1":{"start":{"line":3,"column":8},"end":{"line":3,"column":21}},"2":{"start":{"line":6,"column":4},"end":{"line":8,"column":5}},"3":{"start":{"line":7,"column":8},"end":{"line":7,"column":20}},"4":{"start":{"line":10,"column":4},"end":{"line":10,"column":17}},"5":{"start":{"line":1,"column":0},"end":{"line":1,"column":16}}},"fnMap":{"0":{"name":"divisibleBy","decl":{"start":{"line":1,"column":16},"end":{"line":1,"column":27}},"loc":{"start":{"line":1,"column":29},"end":{"line":11,"column":1}}}},"branchMap":{"0":{"loc":{"start":{"line":2,"column":4},"end":{"line":4,"column":5}},"type":"if","locations":[{"start":{"line":2,"column":4},"end":{"line":4,"column":5}}]},"1":{"loc":{"start":{"line":6,"column":4},"end":{"line":8,"column":5}},"type":"if","locations":[{"start":{"line":6,"column":4},"end":{"line":8,"column":5}}]},"2":{"loc":{"start":{"line":6,"column":8},"end":{"line":6,"column":32}},"type":"binary-expr","locations":[{"start":{"line":6,"column":8},"end":{"line":6,"column":18}},{"start":{"line":6,"column":22},"end":{"line":6,"column":32}}]}},"s":{"0":6,"1":3,"2":3,"3":1,"4":2,"5":1},"f":{"0":6},"b":{"0":[3],"1":[1],"2":[3,2]}}
,"D:\\DanAds\\Visual Studio Code\\UnitTests\\task3\\ArrayParam.ts": {"path":"D:\\DanAds\\Visual Studio Code\\UnitTests\\task3\\ArrayParam.ts","statementMap":{"0":{"start":{"line":3,"column":4},"end":{"line":7,"column":5}},"1":{"start":{"line":3,"column":17},"end":{"line":3,"column":18}},"2":{"start":{"line":4,"column":8},"end":{"line":6,"column":9}},"3":{"start":{"line":5,"column":12},"end":{"line":5,"column":25}},"4":{"start":{"line":9,"column":4},"end":{"line":9,"column":16}},"5":{"start":{"line":1,"column":0},"end":{"line":1,"column":16}}},"fnMap":{"0":{"name":"arrayParam","decl":{"start":{"line":1,"column":16},"end":{"line":1,"column":26}},"loc":{"start":{"line":1,"column":63},"end":{"line":10,"column":1}}}},"branchMap":{"0":{"loc":{"start":{"line":4,"column":8},"end":{"line":6,"column":9}},"type":"if","locations":[{"start":{"line":4,"column":8},"end":{"line":6,"column":9}}]}},"s":{"0":5,"1":5,"2":10,"3":3,"4":2,"5":1},"f":{"0":5},"b":{"0":[3]}}
,"D:\\DanAds\\Visual Studio Code\\UnitTests\\task4\\DateFormat.ts": {"path":"D:\\DanAds\\Visual Studio Code\\UnitTests\\task4\\DateFormat.ts","statementMap":{"0":{"start":{"line":3,"column":15},"end":{"line":3,"column":32}},"1":{"start":{"line":4,"column":4},"end":{"line":4,"column":34}},"2":{"start":{"line":1,"column":0},"end":{"line":1,"column":16}}},"fnMap":{"0":{"name":"dateFormat","decl":{"start":{"line":1,"column":16},"end":{"line":1,"column":26}},"loc":{"start":{"line":1,"column":42},"end":{"line":5,"column":1}}}},"branchMap":{},"s":{"0":18,"1":18,"2":1},"f":{"0":18},"b":{}}
}
