TN:
SF:task1\Calculator.ts
FN:3,(anonymous_0)
FN:12,(anonymous_1)
FN:21,(anonymous_2)
FN:30,(anonymous_3)
FNF:4
FNH:4
FNDA:4,(anonymous_0)
FNDA:4,(anonymous_1)
FNDA:4,(anonymous_2)
FNDA:4,(anonymous_3)
DA:1,1
DA:5,4
DA:6,3
DA:9,1
DA:14,4
DA:15,3
DA:18,1
DA:23,4
DA:24,3
DA:27,1
DA:32,4
DA:33,3
DA:36,1
LF:13
LH:13
BRDA:5,0,0,3
BRDA:5,1,0,4
BRDA:5,1,1,3
BRDA:14,2,0,3
BRDA:14,3,0,4
BRDA:14,3,1,3
BRDA:23,4,0,3
BRDA:23,5,0,4
BRDA:23,5,1,3
BRDA:32,6,0,3
BRDA:32,7,0,4
BRDA:32,7,1,3
BRF:12
BRH:12
end_of_record
TN:
SF:task2\DivisibleBy.ts
FN:1,divisibleBy
FNF:1
FNH:1
FNDA:6,divisibleBy
DA:1,1
DA:2,6
DA:3,3
DA:6,3
DA:7,1
DA:10,2
LF:6
LH:6
BRDA:2,0,0,3
BRDA:6,1,0,1
BRDA:6,2,0,3
BRDA:6,2,1,2
BRF:4
BRH:4
end_of_record
TN:
SF:task3\ArrayParam.ts
FN:1,arrayParam
FNF:1
FNH:1
FNDA:5,arrayParam
DA:1,1
DA:3,5
DA:4,10
DA:5,3
DA:9,2
LF:5
LH:5
BRDA:4,0,0,3
BRF:1
BRH:1
end_of_record
TN:
SF:task4\DateFormat.ts
FN:1,dateFormat
FNF:1
FNH:1
FNDA:18,dateFormat
DA:1,1
DA:3,18
DA:4,18
LF:3
LH:3
BRF:0
BRH:0
end_of_record
